<?xml version="1.0" encoding="UTF-8"?>
<testsuites name="jest tests" tests="54" failures="0" errors="0" time="4.239">
  <testsuite name="AppController" errors="0" failures="0" skipped="0" timestamp="2024-08-26T04:53:07" time="3.19" tests="1">
    <testcase classname="AppController root should return &quot;Hello World!&quot;" name="AppController root should return &quot;Hello World!&quot;" time="0.017">
    </testcase>
  </testsuite>
  <testsuite name="GoalOnActivityService" errors="0" failures="0" skipped="0" timestamp="2024-08-26T04:53:11" time="0.106" tests="1">
    <testcase classname="GoalOnActivityService should be defined" name="GoalOnActivityService should be defined" time="0.004">
    </testcase>
  </testsuite>
  <testsuite name="AuthService" errors="0" failures="0" skipped="0" timestamp="2024-08-26T04:53:07" time="3.671" tests="3">
    <testcase classname="AuthService should be defined" name="AuthService should be defined" time="0.009">
    </testcase>
    <testcase classname="AuthService login should return a JWT token if credentials are valid" name="AuthService login should return a JWT token if credentials are valid" time="0.002">
    </testcase>
    <testcase classname="AuthService login should throw UnauthorizedException if password is incorrect" name="AuthService login should throw UnauthorizedException if password is incorrect" time="0.01">
    </testcase>
  </testsuite>
  <testsuite name="GoalService" errors="0" failures="0" skipped="0" timestamp="2024-08-26T04:53:07" time="3.771" tests="10">
    <testcase classname="GoalService should create a goal with valid input and return BaseResponse" name="GoalService should create a goal with valid input and return BaseResponse" time="0.017">
    </testcase>
    <testcase classname="GoalService should return an error if name is empty" name="GoalService should return an error if name is empty" time="0.002">
    </testcase>
    <testcase classname="GoalService should return an error if startedTime is invalid" name="GoalService should return an error if startedTime is invalid" time="0.004">
    </testcase>
  </testsuite>
  <testsuite name="GoalService" errors="0" failures="0" skipped="0" timestamp="2024-08-26T04:59:31" time="30.393" tests="10">
    <testcase classname="GoalService should create a goal with valid input and return BaseResponse" name="GoalService should create a goal with valid input and return BaseResponse" time="0.028">
    </testcase>
    <testcase classname="GoalService should return an error if name is empty" name="GoalService should return an error if name is empty" time="0.003">
    </testcase>
    <testcase classname="GoalService should return an error if startedTime is invalid" name="GoalService should return an error if startedTime is invalid" time="0.005">
    </testcase>
    <testcase classname="GoalService should return an error if user is not found" name="GoalService should return an error if user is not found" time="0.003">
    </testcase>
    <testcase classname="GoalService should get all goals by user successfully" name="GoalService should get all goals by user successfully" time="0.002">
    </testcase>
    <testcase classname="GoalService should return with data is null if no goals are found" name="GoalService should return with data is null if no goals are found" time="0.006">
    </testcase>
    <testcase classname="GoalService should return with data is null if user not found" name="GoalService should return with data is null if user not found" time="0.001">
    </testcase>
  </testsuite>
  <testsuite name="UserService" errors="0" failures="0" skipped="0" timestamp="2024-08-26T04:53:07" time="3.8" tests="9">
    <testcase classname="UserService should be defined" name="UserService should be defined" time="0.009">
    </testcase>
    <testcase classname="UserService create should create and return a new user" name="UserService create should create and return a new user" time="0.005">
    </testcase>
    <testcase classname="UserService create should throw an error if invalid email" name="UserService create should throw an error if invalid email" time="0.002">
    </testcase>
    <testcase classname="UserService create should return error if email is empty" name="UserService create should return error if email is empty" time="0.006">
    </testcase>
    <testcase classname="UserService create should return error if username is empty" name="UserService create should return error if username is empty" time="0.004">
    </testcase>
    <testcase classname="UserService create should return error if password is empty" name="UserService create should return error if password is empty" time="0.002">
    </testcase>
    <testcase classname="UserService create should return error if user with the same email already exists" name="UserService create should return error if user with the same email already exists" time="0.002">
    </testcase>
    <testcase classname="UserService getUser should return user by id" name="UserService getUser should return user by id" time="0.001">
    </testcase>
    <testcase classname="UserService getUser should return error if user not found" name="UserService getUser should return error if user not found" time="0.002">
    </testcase>
  </testsuite>
  <testsuite name="AuthController" errors="0" failures="0" skipped="0" timestamp="2024-08-26T04:53:07" time="3.892" tests="4">
    <testcase classname="AuthController should be defined" name="AuthController should be defined" time="0.009">
    </testcase>
    <testcase classname="AuthController signIn should return a JWT token when credentials are valid" name="AuthController signIn should return a JWT token when credentials are valid" time="0.004">
    </testcase>
    <testcase classname="AuthController signIn should handle login failures" name="AuthController signIn should handle login failures" time="0.005">
    </testcase>
    <testcase classname="AuthController getProfile should return user profile if authenticated" name="AuthController getProfile should return user profile if authenticated" time="0.002">
    </testcase>
  </testsuite>
  <testsuite name="ActivitiesController" errors="0" failures="0" skipped="0" timestamp="2024-08-26T04:53:07" time="3.876" tests="16">
    <testcase classname="ActivitiesController Activity service should be defined" name="ActivitiesController Activity service should be defined" time="0.011">
    </testcase>
    <testcase classname="ActivitiesController user find all activity should return an array of activities for a specific user" name="ActivitiesController user find all activity should return an array of activities for a specific user" time="0.002">
    </testcase>
    <testcase classname="ActivitiesController user find all activity should return an empty array if the user has no activities" name="ActivitiesController user find all activity should return an empty array if the user has no activities" time="0.001">
    </testcase>
    <testcase classname="ActivitiesController user find activity by activityId should return an activity for a specific user" name="ActivitiesController user find activity by activityId should return an activity for a specific user" time="0.001">
    </testcase>
    <testcase classname="ActivitiesController user find activity by activityId should return message not found if the user does not exist" name="ActivitiesController user find activity by activityId should return message not found if the user does not exist" time="0.008">
    </testcase>
    <testcase classname="ActivitiesController user find activity by activityId should return message not found if the activity does not exist" name="ActivitiesController user find activity by activityId should return message not found if the activity does not exist" time="0.001">
    </testcase>
    <testcase classname="ActivitiesController Create activity Create a new activity missing only endedDate" name="ActivitiesController Create activity Create a new activity missing only endedDate" time="0">
      <skipped/>
    </testcase>
    <testcase classname="ActivitiesController create activity create a new activity enough require without description" name="ActivitiesController create activity create a new activity enough require without description" time="0.003">
    </testcase>
    <testcase classname="ActivitiesController create activity create a new activity enough require with description" name="ActivitiesController create activity create a new activity enough require with description" time="0.002">
    </testcase>
    <testcase classname="ActivitiesController create activity Create a new activity missing only startedDate" name="ActivitiesController create activity Create a new activity missing only startedDate" time="0.001">
    </testcase>
    <testcase classname="ActivitiesController create activity Create a new activity missing only endedDate" name="ActivitiesController create activity Create a new activity missing only endedDate" time="0.001">
    </testcase>
    <testcase classname="ActivitiesController create activity Create a new activity missing only name activity" name="ActivitiesController create activity Create a new activity missing only name activity" time="0.001">
    </testcase>
    <testcase classname="ActivitiesController create activity Create a new activity with require data and not choosing category" name="ActivitiesController create activity Create a new activity with require data and not choosing category" time="0">
    </testcase>
    <testcase classname="ActivitiesController create activity Create a new activity with require data and choosing category" name="ActivitiesController create activity Create a new activity with require data and choosing category" time="0.001">
    </testcase>
    <testcase classname="ActivitiesController create activity Create new activity enough data but endedDate before startedDate" name="ActivitiesController create activity Create new activity enough data but endedDate before startedDate" time="0.001">
    </testcase>
    <testcase classname="ActivitiesController create activity Create a new activity missing only userId " name="ActivitiesController create activity Create a new activity missing only userId " time="0">
    </testcase>
  </testsuite>
  <testsuite name="CategoryService" errors="0" failures="0" skipped="0" timestamp="2024-08-26T04:53:07" time="4.002" tests="10">
    <testcase classname="CategoryService should be defined" name="CategoryService should be defined" time="0.011">
    </testcase>
    <testcase classname="CategoryService findCategoriesByUserId should return a list of categories by userId" name="CategoryService findCategoriesByUserId should return a list of categories by userId" time="0.002">
    </testcase>
    <testcase classname="CategoryService findCategoriesByUserId should return an error response if no categories are found" name="CategoryService findCategoriesByUserId should return an error response if no categories are found" time="0.001">
    </testcase>
    <testcase classname="CategoryService create should create and return a new category" name="CategoryService create should create and return a new category" time="0.001">
    </testcase>
    <testcase classname="CategoryService create should return error if user is not found" name="CategoryService create should return error if user is not found" time="0.001">
    </testcase>
    <testcase classname="CategoryService update should return error if user is not found when update category" name="CategoryService update should return error if user is not found when update category" time="0.002">
    </testcase>
    <testcase classname="CategoryService update should return error if category is not found when update category" name="CategoryService update should return error if category is not found when update category" time="0.001">
    </testcase>
    <testcase classname="CategoryService update should return error if userId and categoryId not found when update category" name="CategoryService update should return error if userId and categoryId not found when update category" time="0.001">
    </testcase>
    <testcase classname="CategoryService update show return error if category name is empty" name="CategoryService update show return error if category name is empty" time="0.001">
    </testcase>
    <testcase classname="CategoryService update should return success if category is updated successfully" name="CategoryService update should return success if category is updated successfully" time="0.007">
    </testcase>
  </testsuite>
</testsuites>