<?xml version="1.0" encoding="UTF-8"?>
<testsuites name="jest tests" tests="18" failures="0" errors="0" time="4.08">
  <testsuite name="RegisterPage" errors="0" failures="0" skipped="0" timestamp="2024-08-29T04:21:59" time="1.343" tests="2">
    <testcase classname="RegisterPage shows success message when successful register" name="RegisterPage shows success message when successful register" time="0.126">
    </testcase>
    <testcase classname="RegisterPage shows success message when email exists" name="RegisterPage shows success message when email exists" time="0.041">
    </testcase>
  </testsuite>
  <testsuite name="LoginPage" errors="0" failures="0" skipped="0" timestamp="2024-08-29T04:21:59" time="1.562" tests="2">
    <testcase classname="LoginPage renders the login form with email and password fields" name="LoginPage renders the login form with email and password fields" time="0.129">
    </testcase>
    <testcase classname="LoginPage shows validation errors when fields are empty and submit is clicked" name="LoginPage shows validation errors when fields are empty and submit is clicked" time="0.061">
    </testcase>
  </testsuite>
  <testsuite name="LoginPage" errors="0" failures="0" skipped="0" timestamp="2024-08-29T04:21:59" time="1.549" tests="2">
    <testcase classname="LoginPage shows error message when email or password is wrong" name="LoginPage shows error message when email or password is wrong" time="0.226">
    </testcase>
    <testcase classname="LoginPage shows success message and redirects on successful login" name="LoginPage shows success message and redirects on successful login" time="0.103">
    </testcase>
  </testsuite>
  <testsuite name="RegisterPage" errors="0" failures="0" skipped="0" timestamp="2024-08-29T04:21:59" time="1.646" tests="4">
    <testcase classname="RegisterPage renders the registration form with all fields" name="RegisterPage renders the registration form with all fields" time="0.11">
    </testcase>
    <testcase classname="RegisterPage shows validation errors for empty fields on submit" name="RegisterPage shows validation errors for empty fields on submit" time="0.09">
    </testcase>
    <testcase classname="RegisterPage shows validation error when email is invalid" name="RegisterPage shows validation error when email is invalid" time="0.044">
    </testcase>
    <testcase classname="RegisterPage shows validation error when passwords do not match" name="RegisterPage shows validation error when passwords do not match" time="0.047">
    </testcase>
  </testsuite>
  <testsuite name="Goal Page" errors="0" failures="0" skipped="0" timestamp="2024-08-29T04:21:59" time="2.147" tests="1">
    <testcase classname="Goal Page renders the GoalPage with data" name="Goal Page renders the GoalPage with data" time="0.115">
    </testcase>
  </testsuite>
  <testsuite name="GoalPage" errors="0" failures="0" skipped="0" timestamp="2024-08-29T04:21:59" time="2.487" tests="3">
    <testcase classname="GoalPage should render the GoalPage with the correct elements" name="GoalPage should render the GoalPage with the correct elements" time="0.101">
    </testcase>
    <testcase classname="GoalPage should show popup when click to add goal button" name="GoalPage should show popup when click to add goal button" time="0.183">
    </testcase>
    <testcase classname="GoalPage should action when click button cancel" name="GoalPage should action when click button cancel" time="0.154">
    </testcase>
  </testsuite>
  <testsuite name="ActivitiesPage" errors="0" failures="0" skipped="0" timestamp="2024-08-29T04:21:59" time="2.587" tests="4">
    <testcase classname="ActivitiesPage renders the ActivitiesPage with the correct elements" name="ActivitiesPage renders the ActivitiesPage with the correct elements" time="0.113">
    </testcase>
    <testcase classname="ActivitiesPage opens the add new activity drawer when &apos;New Activity&apos; button is clicked" name="ActivitiesPage opens the add new activity drawer when &apos;New Activity&apos; button is clicked" time="0.069">
    </testcase>
    <testcase classname="ActivitiesPage opens the edit activity drawer when &apos;Edit&apos; button in activity card is clicked" name="ActivitiesPage opens the edit activity drawer when &apos;Edit&apos; button in activity card is clicked" time="0.122">
    </testcase>
    <testcase classname="ActivitiesPage shows validation errors in the CreateOrEditActivityDrawer when fields are empty" name="ActivitiesPage shows validation errors in the CreateOrEditActivityDrawer when fields are empty" time="0.067">
    </testcase>
  </testsuite>
</testsuites>