<?xml version="1.0" encoding="UTF-8"?>
<testsuites name="jest tests" tests="18" failures="0" errors="0" time="4.243">
  <testsuite name="Goal Page" errors="0" failures="0" skipped="0" timestamp="2024-08-27T03:04:18" time="1.381" tests="3">
    <testcase classname="Goal Page renders the GoalPage with data" name="Goal Page renders the GoalPage with data" time="0.075">
    </testcase>
    <testcase classname="Goal Page renders no data message when no data is available" name="Goal Page renders no data message when no data is available" time="0.087">
    </testcase>
    <testcase classname="Goal Page should display new goal data after form submission" name="Goal Page should display new goal data after form submission" time="0.12">
    </testcase>
  </testsuite>
  <testsuite name="ActivitiesPage" errors="0" failures="0" skipped="0" timestamp="2024-08-27T03:04:19" time="0.858" tests="4">
    <testcase classname="ActivitiesPage renders the ActivitiesPage with the correct elements" name="ActivitiesPage renders the ActivitiesPage with the correct elements" time="0.101">
    </testcase>
    <testcase classname="ActivitiesPage opens the add new activity drawer when &apos;New Activity&apos; button is clicked" name="ActivitiesPage opens the add new activity drawer when &apos;New Activity&apos; button is clicked" time="0.053">
    </testcase>
    <testcase classname="ActivitiesPage opens the edit activity drawer when &apos;Edit&apos; button in activity card is clicked" name="ActivitiesPage opens the edit activity drawer when &apos;Edit&apos; button in activity card is clicked" time="0.081">
    </testcase>
    <testcase classname="ActivitiesPage shows validation errors in the CreateOrEditActivityDrawer when fields are empty" name="ActivitiesPage shows validation errors in the CreateOrEditActivityDrawer when fields are empty" time="0.072">
    </testcase>
  </testsuite>
  <testsuite name="LoginPage" errors="0" failures="0" skipped="0" timestamp="2024-08-27T03:04:20" time="0.412" tests="2">
    <testcase classname="LoginPage shows error message when email or password is wrong" name="LoginPage shows error message when email or password is wrong" time="0.131">
    </testcase>
    <testcase classname="LoginPage shows success message and redirects on successful login" name="LoginPage shows success message and redirects on successful login" time="0.12">
    </testcase>
  </testsuite>
  <testsuite name="RegisterPage" errors="0" failures="0" skipped="0" timestamp="2024-08-27T03:04:21" time="0.294" tests="4">
    <testcase classname="RegisterPage renders the registration form with all fields" name="RegisterPage renders the registration form with all fields" time="0.022">
    </testcase>
    <testcase classname="RegisterPage shows validation errors for empty fields on submit" name="RegisterPage shows validation errors for empty fields on submit" time="0.022">
    </testcase>
    <testcase classname="RegisterPage shows validation error when email is invalid" name="RegisterPage shows validation error when email is invalid" time="0.036">
    </testcase>
    <testcase classname="RegisterPage shows validation error when passwords do not match" name="RegisterPage shows validation error when passwords do not match" time="0.046">
    </testcase>
  </testsuite>
  <testsuite name="GoalPage" errors="0" failures="0" skipped="0" timestamp="2024-08-27T03:04:21" time="0.277" tests="1">
    <testcase classname="GoalPage should render the GoalPage with the correct elements" name="GoalPage should render the GoalPage with the correct elements" time="0.024">
    </testcase>
  </testsuite>
  <testsuite name="LoginPage" errors="0" failures="0" skipped="0" timestamp="2024-08-27T03:04:21" time="0.196" tests="2">
    <testcase classname="LoginPage renders the login form with email and password fields" name="LoginPage renders the login form with email and password fields" time="0.015">
    </testcase>
    <testcase classname="LoginPage shows validation errors when fields are empty and submit is clicked" name="LoginPage shows validation errors when fields are empty and submit is clicked" time="0.024">
    </testcase>
  </testsuite>
  <testsuite name="RegisterPage" errors="0" failures="0" skipped="0" timestamp="2024-08-27T03:04:21" time="0.194" tests="2">
    <testcase classname="RegisterPage shows success message when successful register" name="RegisterPage shows success message when successful register" time="0.033">
    </testcase>
    <testcase classname="RegisterPage shows success message when email exists" name="RegisterPage shows success message when email exists" time="0.035">
    </testcase>
  </testsuite>
</testsuites>