<?xml version="1.0" encoding="UTF-8"?>
<testsuites name="jest tests" tests="17" failures="0" errors="0" time="3.77">
  <testsuite name="RegisterPage" errors="0" failures="0" skipped="0" timestamp="2024-08-29T09:03:43" time="1.262" tests="2">
    <testcase classname="RegisterPage shows success message when successful register" name="RegisterPage shows success message when successful register" time="0.173">
    </testcase>
    <testcase classname="RegisterPage shows success message when email exists" name="RegisterPage shows success message when email exists" time="0.062">
    </testcase>
  </testsuite>
  <testsuite name="LoginPage" errors="0" failures="0" skipped="0" timestamp="2024-08-29T09:03:43" time="1.339" tests="2">
    <testcase classname="LoginPage renders the login form with email and password fields" name="LoginPage renders the login form with email and password fields" time="0.093">
    </testcase>
    <testcase classname="LoginPage shows validation errors when fields are empty and submit is clicked" name="LoginPage shows validation errors when fields are empty and submit is clicked" time="0.068">
    </testcase>
  </testsuite>
  <testsuite name="LoginPage" errors="0" failures="0" skipped="0" timestamp="2024-08-29T09:03:43" time="1.419" tests="2">
    <testcase classname="LoginPage shows error message when email or password is wrong" name="LoginPage shows error message when email or password is wrong" time="0.224">
    </testcase>
    <testcase classname="LoginPage shows success message and redirects on successful login" name="LoginPage shows success message and redirects on successful login" time="0.121">
    </testcase>
  </testsuite>
  <testsuite name="RegisterPage" errors="0" failures="0" skipped="0" timestamp="2024-08-29T09:03:43" time="1.469" tests="4">
    <testcase classname="RegisterPage renders the registration form with all fields" name="RegisterPage renders the registration form with all fields" time="0.115">
    </testcase>
    <testcase classname="RegisterPage shows validation errors for empty fields on submit" name="RegisterPage shows validation errors for empty fields on submit" time="0.075">
    </testcase>
    <testcase classname="RegisterPage shows validation error when email is invalid" name="RegisterPage shows validation error when email is invalid" time="0.063">
    </testcase>
    <testcase classname="RegisterPage shows validation error when passwords do not match" name="RegisterPage shows validation error when passwords do not match" time="0.045">
    </testcase>
  </testsuite>
  <testsuite name="GoalPage" errors="0" failures="0" skipped="0" timestamp="2024-08-29T09:03:43" time="2.169" tests="3">
    <testcase classname="GoalPage should render the GoalPage with the correct elements" name="GoalPage should render the GoalPage with the correct elements" time="0.094">
    </testcase>
    <testcase classname="GoalPage should show popup when click to add goal button" name="GoalPage should show popup when click to add goal button" time="0.194">
    </testcase>
    <testcase classname="GoalPage should action when click button cancel" name="GoalPage should action when click button cancel" time="0.149">
    </testcase>
  </testsuite>
  <testsuite name="ActivitiesPage" errors="0" failures="0" skipped="0" timestamp="2024-08-29T09:03:43" time="2.292" tests="4">
    <testcase classname="ActivitiesPage renders the ActivitiesPage with the correct elements" name="ActivitiesPage renders the ActivitiesPage with the correct elements" time="0.139">
    </testcase>
    <testcase classname="ActivitiesPage opens the add new activity drawer when &apos;New Activity&apos; button is clicked" name="ActivitiesPage opens the add new activity drawer when &apos;New Activity&apos; button is clicked" time="0.082">
    </testcase>
    <testcase classname="ActivitiesPage opens the edit activity drawer when &apos;Edit&apos; button in activity card is clicked" name="ActivitiesPage opens the edit activity drawer when &apos;Edit&apos; button in activity card is clicked" time="0.118">
    </testcase>
    <testcase classname="ActivitiesPage shows validation errors in the CreateOrEditActivityDrawer when fields are empty" name="ActivitiesPage shows validation errors in the CreateOrEditActivityDrawer when fields are empty" time="0.066">
    </testcase>
  </testsuite>
</testsuites>